# JRE version: Java(TM) SE Runtime Environment (22.0.1+8) (build 22.0.1+8-16)
# Java VM: Java HotSpot(TM) 64-Bit Server VM (22.0.1+8-16, mixed mode, sharing, tiered, compressed oops, compressed class ptrs, parallel gc, windows-amd64)
GC Precious Log:
 CardTable entry size: 512
 CPUs: 16 total, 16 available
 Memory: 15720M
 Large Page Support: Disabled
 NUMA Support: Disabled
 Compressed Oops: Enabled (32-bit)
 Alignments: Space 512K, Generation 512K, Heap 2M
 Heap Min Capacity: 100M
 Heap Initial Capacity: 100M
 Heap Max Capacity: 1G
 Pre-touch: Disabled
 Parallel Workers: 13
Heap:
 PSYoungGen      total 23552K, used 17162K [0x00000000eab00000, 0x00000000ec600000, 0x0000000100000000)
  eden space 22016K, 71% used [0x00000000eab00000,0x00000000eba682d8,0x00000000ec080000)
  from space 1536K, 90% used [0x00000000ec480000,0x00000000ec5da8e0,0x00000000ec600000)
  to   space 1536K, 0% used [0x00000000ec280000,0x00000000ec280000,0x00000000ec400000)
 ParOldGen       total 68608K, used 15530K [0x00000000c0000000, 0x00000000c4300000, 0x00000000eab00000)
  object space 68608K, 22% used [0x00000000c0000000,0x00000000c0f2abc8,0x00000000c4300000)
 Metaspace       used 32128K, committed 33088K, reserved 1114112K
  class space    used 3238K, committed 3648K, reserved 1048576K
GC Heap History (20 events):
Event: 5.807 GC heap before
{Heap before GC invocations=4 (full 0):
 PSYoungGen      total 29696K, used 29693K [0x00000000eab00000, 0x00000000ecc00000, 0x0000000100000000)
  eden space 25600K, 100% used [0x00000000eab00000,0x00000000ec400000,0x00000000ec400000)
  from space 4096K, 99% used [0x00000000ec400000,0x00000000ec7ff6a0,0x00000000ec800000)
  to   space 4096K, 0% used [0x00000000ec800000,0x00000000ec800000,0x00000000ecc00000)
 ParOldGen       total 68608K, used 4666K [0x00000000c0000000, 0x00000000c4300000, 0x00000000eab00000)
  object space 68608K, 6% used [0x00000000c0000000,0x00000000c048ebc8,0x00000000c4300000)
 Metaspace       used 9948K, committed 10304K, reserved 1114112K
  class space    used 1019K, committed 1152K, reserved 1048576K
}
Event: 5.814 GC heap after
{Heap after GC invocations=4 (full 0):
 PSYoungGen      total 29696K, used 4072K [0x00000000eab00000, 0x00000000ecc00000, 0x0000000100000000)
  eden space 25600K, 0% used [0x00000000eab00000,0x00000000eab00000,0x00000000ec400000)
  from space 4096K, 99% used [0x00000000ec800000,0x00000000ecbfa120,0x00000000ecc00000)
  to   space 4096K, 0% used [0x00000000ec400000,0x00000000ec400000,0x00000000ec800000)
 ParOldGen       total 68608K, used 6271K [0x00000000c0000000, 0x00000000c4300000, 0x00000000eab00000)
  object space 68608K, 9% used [0x00000000c0000000,0x00000000c061fd98,0x00000000c4300000)
 Metaspace       used 9948K, committed 10304K, reserved 1114112K
  class space    used 1019K, committed 1152K, reserved 1048576K
}
Event: 7.634 GC heap before
{Heap before GC invocations=5 (full 0):
 PSYoungGen      total 29696K, used 29672K [0x00000000eab00000, 0x00000000ecc00000, 0x0000000100000000)
  eden space 25600K, 100% used [0x00000000eab00000,0x00000000ec400000,0x00000000ec400000)
  from space 4096K, 99% used [0x00000000ec800000,0x00000000ecbfa120,0x00000000ecc00000)
  to   space 4096K, 0% used [0x00000000ec400000,0x00000000ec400000,0x00000000ec800000)
 ParOldGen       total 68608K, used 6271K [0x00000000c0000000, 0x00000000c4300000, 0x00000000eab00000)
  object space 68608K, 9% used [0x00000000c0000000,0x00000000c061fd98,0x00000000c4300000)
 Metaspace       used 12058K, committed 12480K, reserved 1114112K
  class space    used 1228K, committed 1408K, reserved 1048576K
}
Event: 7.641 GC heap after
{Heap after GC invocations=5 (full 0):
 PSYoungGen      total 29184K, used 4064K [0x00000000eab00000, 0x00000000ece80000, 0x0000000100000000)
  eden space 25088K, 0% used [0x00000000eab00000,0x00000000eab00000,0x00000000ec380000)
  from space 4096K, 99% used [0x00000000ec400000,0x00000000ec7f8328,0x00000000ec800000)
  to   space 5632K, 0% used [0x00000000ec900000,0x00000000ec900000,0x00000000ece80000)
 ParOldGen       total 68608K, used 7421K [0x00000000c0000000, 0x00000000c4300000, 0x00000000eab00000)
  object space 68608K, 10% used [0x00000000c0000000,0x00000000c073f680,0x00000000c4300000)
 Metaspace       used 12058K, committed 12480K, reserved 1114112K
  class space    used 1228K, committed 1408K, reserved 1048576K
}
Event: 8.895 GC heap before
{Heap before GC invocations=6 (full 0):
 PSYoungGen      total 29184K, used 29152K [0x00000000eab00000, 0x00000000ece80000, 0x0000000100000000)
  eden space 25088K, 100% used [0x00000000eab00000,0x00000000ec380000,0x00000000ec380000)
  from space 4096K, 99% used [0x00000000ec400000,0x00000000ec7f8328,0x00000000ec800000)
  to   space 5632K, 0% used [0x00000000ec900000,0x00000000ec900000,0x00000000ece80000)
 ParOldGen       total 68608K, used 7421K [0x00000000c0000000, 0x00000000c4300000, 0x00000000eab00000)
  object space 68608K, 10% used [0x00000000c0000000,0x00000000c073f680,0x00000000c4300000)
 Metaspace       used 15320K, committed 15872K, reserved 1114112K
  class space    used 1536K, committed 1728K, reserved 1048576K
}
Event: 8.901 GC heap after
{Heap after GC invocations=6 (full 0):
 PSYoungGen      total 30208K, used 5563K [0x00000000eab00000, 0x00000000ecf00000, 0x0000000100000000)
  eden space 24576K, 0% used [0x00000000eab00000,0x00000000eab00000,0x00000000ec300000)
  from space 5632K, 98% used [0x00000000ec900000,0x00000000ece6ecd8,0x00000000ece80000)
  to   space 6144K, 0% used [0x00000000ec300000,0x00000000ec300000,0x00000000ec900000)
 ParOldGen       total 68608K, used 7429K [0x00000000c0000000, 0x00000000c4300000, 0x00000000eab00000)
  object space 68608K, 10% used [0x00000000c0000000,0x00000000c0741680,0x00000000c4300000)
 Metaspace       used 15320K, committed 15872K, reserved 1114112K
  class space    used 1536K, committed 1728K, reserved 1048576K
}
Event: 9.863 GC heap before
{Heap before GC invocations=7 (full 0):
 PSYoungGen      total 30208K, used 30139K [0x00000000eab00000, 0x00000000ecf00000, 0x0000000100000000)
  eden space 24576K, 100% used [0x00000000eab00000,0x00000000ec300000,0x00000000ec300000)
  from space 5632K, 98% used [0x00000000ec900000,0x00000000ece6ecd8,0x00000000ece80000)
  to   space 6144K, 0% used [0x00000000ec300000,0x00000000ec300000,0x00000000ec900000)
 ParOldGen       total 68608K, used 7429K [0x00000000c0000000, 0x00000000c4300000, 0x00000000eab00000)
  object space 68608K, 10% used [0x00000000c0000000,0x00000000c0741680,0x00000000c4300000)
 Metaspace       used 18353K, committed 19072K, reserved 1114112K
  class space    used 1866K, committed 2112K, reserved 1048576K
}
Event: 9.869 GC heap after
{Heap after GC invocations=7 (full 0):
 PSYoungGen      total 29184K, used 4798K [0x00000000eab00000, 0x00000000ecc80000, 0x0000000100000000)
  eden space 24064K, 0% used [0x00000000eab00000,0x00000000eab00000,0x00000000ec280000)
  from space 5120K, 93% used [0x00000000ec300000,0x00000000ec7afa58,0x00000000ec800000)
  to   space 4608K, 0% used [0x00000000ec800000,0x00000000ec800000,0x00000000ecc80000)
 ParOldGen       total 68608K, used 8574K [0x00000000c0000000, 0x00000000c4300000, 0x00000000eab00000)
  object space 68608K, 12% used [0x00000000c0000000,0x00000000c085fa40,0x00000000c4300000)
 Metaspace       used 18353K, committed 19072K, reserved 1114112K
  class space    used 1866K, committed 2112K, reserved 1048576K
}
Event: 10.563 GC heap before
{Heap before GC invocations=8 (full 0):
 PSYoungGen      total 29184K, used 26945K [0x00000000eab00000, 0x00000000ecc80000, 0x0000000100000000)
  eden space 24064K, 92% used [0x00000000eab00000,0x00000000ec0a0a38,0x00000000ec280000)
  from space 5120K, 93% used [0x00000000ec300000,0x00000000ec7afa58,0x00000000ec800000)
  to   space 4608K, 0% used [0x00000000ec800000,0x00000000ec800000,0x00000000ecc80000)
 ParOldGen       total 68608K, used 8574K [0x00000000c0000000, 0x00000000c4300000, 0x00000000eab00000)
  object space 68608K, 12% used [0x00000000c0000000,0x00000000c085fa40,0x00000000c4300000)
 Metaspace       used 20781K, committed 21504K, reserved 1114112K
  class space    used 2115K, committed 2432K, reserved 1048576K
}
Event: 10.567 GC heap after
{Heap after GC invocations=8 (full 0):
 PSYoungGen      total 28160K, used 4602K [0x00000000eab00000, 0x00000000ece80000, 0x0000000100000000)
  eden space 23552K, 0% used [0x00000000eab00000,0x00000000eab00000,0x00000000ec200000)
  from space 4608K, 99% used [0x00000000ec800000,0x00000000ecc7eb38,0x00000000ecc80000)
  to   space 6144K, 0% used [0x00000000ec200000,0x00000000ec200000,0x00000000ec800000)
 ParOldGen       total 68608K, used 9585K [0x00000000c0000000, 0x00000000c4300000, 0x00000000eab00000)
  object space 68608K, 13% used [0x00000000c0000000,0x00000000c095c758,0x00000000c4300000)
 Metaspace       used 20781K, committed 21504K, reserved 1114112K
  class space    used 2115K, committed 2432K, reserved 1048576K
}
Event: 10.567 GC heap before
{Heap before GC invocations=9 (full 1):
 PSYoungGen      total 28160K, used 4602K [0x00000000eab00000, 0x00000000ece80000, 0x0000000100000000)
  eden space 23552K, 0% used [0x00000000eab00000,0x00000000eab00000,0x00000000ec200000)
  from space 4608K, 99% used [0x00000000ec800000,0x00000000ecc7eb38,0x00000000ecc80000)
  to   space 6144K, 0% used [0x00000000ec200000,0x00000000ec200000,0x00000000ec800000)
 ParOldGen       total 68608K, used 9585K [0x00000000c0000000, 0x00000000c4300000, 0x00000000eab00000)
  object space 68608K, 13% used [0x00000000c0000000,0x00000000c095c758,0x00000000c4300000)
 Metaspace       used 20781K, committed 21504K, reserved 1114112K
  class space    used 2115K, committed 2432K, reserved 1048576K
}
Event: 10.623 GC heap after
{Heap after GC invocations=9 (full 1):
 PSYoungGen      total 28160K, used 0K [0x00000000eab00000, 0x00000000ece80000, 0x0000000100000000)
  eden space 23552K, 0% used [0x00000000eab00000,0x00000000eab00000,0x00000000ec200000)
  from space 4608K, 0% used [0x00000000ec800000,0x00000000ec800000,0x00000000ecc80000)
  to   space 6144K, 0% used [0x00000000ec200000,0x00000000ec200000,0x00000000ec800000)
 ParOldGen       total 68608K, used 12695K [0x00000000c0000000, 0x00000000c4300000, 0x00000000eab00000)
  object space 68608K, 18% used [0x00000000c0000000,0x00000000c0c65d00,0x00000000c4300000)
 Metaspace       used 20769K, committed 21504K, reserved 1114112K
  class space    used 2112K, committed 2432K, reserved 1048576K
}
Event: 11.032 GC heap before
{Heap before GC invocations=10 (full 1):
 PSYoungGen      total 28160K, used 23552K [0x00000000eab00000, 0x00000000ece80000, 0x0000000100000000)
  eden space 23552K, 100% used [0x00000000eab00000,0x00000000ec200000,0x00000000ec200000)
  from space 4608K, 0% used [0x00000000ec800000,0x00000000ec800000,0x00000000ecc80000)
  to   space 6144K, 0% used [0x00000000ec200000,0x00000000ec200000,0x00000000ec800000)
 ParOldGen       total 68608K, used 12695K [0x00000000c0000000, 0x00000000c4300000, 0x00000000eab00000)
  object space 68608K, 18% used [0x00000000c0000000,0x00000000c0c65d00,0x00000000c4300000)
 Metaspace       used 23098K, committed 23872K, reserved 1114112K
  class space    used 2253K, committed 2560K, reserved 1048576K
}
Event: 11.034 GC heap after
{Heap after GC invocations=10 (full 1):
 PSYoungGen      total 23552K, used 382K [0x00000000eab00000, 0x00000000ec880000, 0x0000000100000000)
  eden space 23040K, 0% used [0x00000000eab00000,0x00000000eab00000,0x00000000ec180000)
  from space 512K, 74% used [0x00000000ec200000,0x00000000ec25f928,0x00000000ec280000)
  to   space 2560K, 0% used [0x00000000ec600000,0x00000000ec600000,0x00000000ec880000)
 ParOldGen       total 68608K, used 12703K [0x00000000c0000000, 0x00000000c4300000, 0x00000000eab00000)
  object space 68608K, 18% used [0x00000000c0000000,0x00000000c0c67d00,0x00000000c4300000)
 Metaspace       used 23098K, committed 23872K, reserved 1114112K
  class space    used 2253K, committed 2560K, reserved 1048576K
}
Event: 11.388 GC heap before
{Heap before GC invocations=11 (full 1):
 PSYoungGen      total 23552K, used 23422K [0x00000000eab00000, 0x00000000ec880000, 0x0000000100000000)
  eden space 23040K, 100% used [0x00000000eab00000,0x00000000ec180000,0x00000000ec180000)
  from space 512K, 74% used [0x00000000ec200000,0x00000000ec25f928,0x00000000ec280000)
  to   space 2560K, 0% used [0x00000000ec600000,0x00000000ec600000,0x00000000ec880000)
 ParOldGen       total 68608K, used 12703K [0x00000000c0000000, 0x00000000c4300000, 0x00000000eab00000)
  object space 68608K, 18% used [0x00000000c0000000,0x00000000c0c67d00,0x00000000c4300000)
 Metaspace       used 25633K, committed 26368K, reserved 1114112K
  class space    used 2457K, committed 2752K, reserved 1048576K
}
Event: 11.390 GC heap after
{Heap after GC invocations=11 (full 1):
 PSYoungGen      total 25088K, used 2280K [0x00000000eab00000, 0x00000000ec880000, 0x0000000100000000)
  eden space 22528K, 0% used [0x00000000eab00000,0x00000000eab00000,0x00000000ec100000)
  from space 2560K, 89% used [0x00000000ec600000,0x00000000ec83a2b0,0x00000000ec880000)
  to   space 3072K, 0% used [0x00000000ec280000,0x00000000ec280000,0x00000000ec580000)
 ParOldGen       total 68608K, used 12711K [0x00000000c0000000, 0x00000000c4300000, 0x00000000eab00000)
  object space 68608K, 18% used [0x00000000c0000000,0x00000000c0c69d00,0x00000000c4300000)
 Metaspace       used 25633K, committed 26368K, reserved 1114112K
  class space    used 2457K, committed 2752K, reserved 1048576K
}
Event: 11.695 GC heap before
{Heap before GC invocations=12 (full 1):
 PSYoungGen      total 25088K, used 24784K [0x00000000eab00000, 0x00000000ec880000, 0x0000000100000000)
  eden space 22528K, 99% used [0x00000000eab00000,0x00000000ec0fa140,0x00000000ec100000)
  from space 2560K, 89% used [0x00000000ec600000,0x00000000ec83a2b0,0x00000000ec880000)
  to   space 3072K, 0% used [0x00000000ec280000,0x00000000ec280000,0x00000000ec580000)
 ParOldGen       total 68608K, used 12711K [0x00000000c0000000, 0x00000000c4300000, 0x00000000eab00000)
  object space 68608K, 18% used [0x00000000c0000000,0x00000000c0c69d00,0x00000000c4300000)
 Metaspace       used 27250K, committed 28224K, reserved 1114112K
  class space    used 2656K, committed 3072K, reserved 1048576K
}
Event: 11.700 GC heap after
{Heap after GC invocations=12 (full 1):
 PSYoungGen      total 23552K, used 1106K [0x00000000eab00000, 0x00000000ec680000, 0x0000000100000000)
  eden space 22016K, 0% used [0x00000000eab00000,0x00000000eab00000,0x00000000ec080000)
  from space 1536K, 72% used [0x00000000ec280000,0x00000000ec394aa0,0x00000000ec400000)
  to   space 2048K, 0% used [0x00000000ec480000,0x00000000ec480000,0x00000000ec680000)
 ParOldGen       total 68608K, used 14696K [0x00000000c0000000, 0x00000000c4300000, 0x00000000eab00000)
  object space 68608K, 21% used [0x00000000c0000000,0x00000000c0e5a0e8,0x00000000c4300000)
 Metaspace       used 27250K, committed 28224K, reserved 1114112K
  class space    used 2656K, committed 3072K, reserved 1048576K
}
Event: 12.224 GC heap before
{Heap before GC invocations=13 (full 1):
 PSYoungGen      total 23552K, used 23122K [0x00000000eab00000, 0x00000000ec680000, 0x0000000100000000)
  eden space 22016K, 100% used [0x00000000eab00000,0x00000000ec080000,0x00000000ec080000)
  from space 1536K, 72% used [0x00000000ec280000,0x00000000ec394aa0,0x00000000ec400000)
  to   space 2048K, 0% used [0x00000000ec480000,0x00000000ec480000,0x00000000ec680000)
 ParOldGen       total 68608K, used 14696K [0x00000000c0000000, 0x00000000c4300000, 0x00000000eab00000)
  object space 68608K, 21% used [0x00000000c0000000,0x00000000c0e5a0e8,0x00000000c4300000)
 Metaspace       used 30761K, committed 31744K, reserved 1114112K
  class space    used 3082K, committed 3456K, reserved 1048576K
}
Event: 12.227 GC heap after
{Heap after GC invocations=13 (full 1):
 PSYoungGen      total 23552K, used 1386K [0x00000000eab00000, 0x00000000ec600000, 0x0000000100000000)
  eden space 22016K, 0% used [0x00000000eab00000,0x00000000eab00000,0x00000000ec080000)
  from space 1536K, 90% used [0x00000000ec480000,0x00000000ec5da8e0,0x00000000ec600000)
  to   space 1536K, 0% used [0x00000000ec280000,0x00000000ec280000,0x00000000ec400000)
 ParOldGen       total 68608K, used 15530K [0x00000000c0000000, 0x00000000c4300000, 0x00000000eab00000)
  object space 68608K, 22% used [0x00000000c0000000,0x00000000c0f2abc8,0x00000000c4300000)
 Metaspace       used 30761K, committed 31744K, reserved 1114112K
  class space    used 3082K, committed 3456K, reserved 1048576K
}

